


 

 



 2017-08-16 17:00:02,017 [1] DEBUG SearchUser.Program - App starting...
2017-08-16 17:00:09,086 [1] DEBUG ServiceClient.InProcessServiceFactory - SkipWebAPI is false!
2017-08-16 17:00:09,089 [1] DEBUG ServiceClient.WebAPIServiceFactory - WebAPIUserClient is active!
2017-08-16 17:00:10,281 [1] DEBUG ServiceClient.WebAPIUserClient - User count: StatusCode: 200, ReasonPhrase: 'OK', Version: 1.1, Content: System.Net.Http.StreamContent, Headers:
{
  Pragma: no-cache
  X-SourceFiles: =?UTF-8?B?RDpccGVyYVxXRUIgQVBJXFRlc3QgUHJvamVjdCAxSG91clxXZWJBcGlTZWFyY2hVc2VyRm9sZGVyXFRlc3RcV2ViQVBJU2VhcmNoWExvZzROZXRcV2ViQXBpU2VhcmNoXGFwaVxTZWFyY2g=?=
  Cache-Control: no-cache
  Date: Wed, 16 Aug 2017 15:00:10 GMT
  Server: Microsoft-IIS/8.0
  X-AspNet-Version: 4.0.30319
  X-Powered-By: ASP.NET
  Content-Length: 3687
  Content-Type: application/json; charset=utf-8
  Expires: -1
}
2017-08-16 17:00:10,372 [1] DEBUG ServiceClient.WebAPIUserClient - The letter is: UserService.Test
2017-08-17 07:54:08,929 [1] DEBUG SearchUser.Program - App starting...
2017-08-17 07:54:10,318 [1] DEBUG ServiceClient.InProcessServiceFactory - SkipWebAPI is false!
2017-08-17 07:54:10,321 [1] DEBUG ServiceClient.WebAPIServiceFactory - WebAPIUserClient is active!
2017-08-17 08:14:01,238 [1] DEBUG SearchUser.Program - App starting...
2017-08-17 08:14:02,702 [1] DEBUG ServiceClient.InProcessServiceFactory - SkipWebAPI is false!
2017-08-17 08:14:02,705 [1] DEBUG ServiceClient.WebAPIServiceFactory - WebAPIUserClient is active!
2017-08-17 08:15:45,147 [1] DEBUG SearchUser.Program - App starting...
2017-08-17 08:15:46,531 [1] DEBUG ServiceClient.InProcessServiceFactory - SkipWebAPI is false!
2017-08-17 08:15:46,534 [1] DEBUG ServiceClient.WebAPIServiceFactory - WebAPIUserClient is active!
2017-08-17 08:16:12,914 [9] DEBUG SearchUser.Program - App starting...
2017-08-17 08:16:16,235 [9] DEBUG ServiceClient.InProcessServiceFactory - SkipWebAPI is false!
2017-08-17 08:16:17,558 [9] DEBUG ServiceClient.WebAPIServiceFactory - WebAPIUserClient is active!
2017-08-17 08:17:06,987 [9] DEBUG ServiceClient.WebAPIUserClient - User count: StatusCode: 200, ReasonPhrase: 'OK', Version: 1.1, Content: System.Net.Http.StreamContent, Headers:
{
  Pragma: no-cache
  X-SourceFiles: =?UTF-8?B?RDpccGVyYVxXRUIgQVBJXFRlc3QgUHJvamVjdCAxSG91clxXZWJBcGlTZWFyY2hVc2VyRm9sZGVyXFRlc3RcV2ViQVBJU2VhcmNoWExvZzROZXRcV2ViQXBpU2VhcmNoXGFwaVxTZWFyY2g=?=
  Cache-Control: no-cache
  Date: Thu, 17 Aug 2017 06:17:04 GMT
  Server: Microsoft-IIS/8.0
  X-AspNet-Version: 4.0.30319
  X-Powered-By: ASP.NET
  Content-Length: 3687
  Content-Type: application/json; charset=utf-8
  Expires: -1
}
2017-08-17 08:17:17,075 [9] DEBUG ServiceClient.WebAPIUserClient - The letter is: UserService.Test
2017-08-21 09:13:13,575 [1] DEBUG SearchUser.Program - App starting...
2017-08-21 09:13:14,978 [1] DEBUG ServiceClient.InProcessServiceFactory - SkipWebAPI is false!
2017-08-21 09:13:14,981 [1] DEBUG ServiceClient.WebAPIServiceFactory - WebAPIUserClient is active!
2017-08-21 09:13:37,126 [9] DEBUG SearchUser.Program - App starting...
2017-08-21 09:13:41,918 [9] DEBUG ServiceClient.InProcessServiceFactory - SkipWebAPI is false!
2017-08-21 09:13:43,197 [9] DEBUG ServiceClient.WebAPIServiceFactory - WebAPIUserClient is active!
2017-08-21 09:14:13,492 [9] DEBUG ServiceClient.WebAPIUserClient - User count: StatusCode: 200, ReasonPhrase: 'OK', Version: 1.1, Content: System.Net.Http.StreamContent, Headers:
{
  Pragma: no-cache
  X-SourceFiles: =?UTF-8?B?RDpccGVyYVxXRUIgQVBJXFRlc3QgUHJvamVjdCAxSG91clxXZWJBcGlTZWFyY2hVc2VyRm9sZGVyXFRlc3RcV2ViQVBJU2VhcmNoWExvZzROZXRcV2ViQXBpU2VhcmNoXGFwaVxTZWFyY2g=?=
  Cache-Control: no-cache
  Date: Mon, 21 Aug 2017 07:14:10 GMT
  Server: Microsoft-IIS/8.0
  X-AspNet-Version: 4.0.30319
  X-Powered-By: ASP.NET
  Content-Length: 3687
  Content-Type: application/json; charset=utf-8
  Expires: -1
}
2017-08-21 09:14:18,373 [9] DEBUG ServiceClient.WebAPIUserClient - The letter is: UserService.Test
2017-08-21 09:14:48,043 [1] DEBUG SearchUser.Program - App starting...
2017-08-21 09:14:49,525 [1] DEBUG ServiceClient.InProcessServiceFactory - SkipWebAPI is false!
2017-08-21 09:14:49,528 [1] DEBUG ServiceClient.WebAPIServiceFactory - WebAPIUserClient is active!
2017-08-21 09:14:49,809 [1] DEBUG ServiceClient.WebAPIUserClient - User count: StatusCode: 200, ReasonPhrase: 'OK', Version: 1.1, Content: System.Net.Http.StreamContent, Headers:
{
  Pragma: no-cache
  X-SourceFiles: =?UTF-8?B?RDpccGVyYVxXRUIgQVBJXFRlc3QgUHJvamVjdCAxSG91clxXZWJBcGlTZWFyY2hVc2VyRm9sZGVyXFRlc3RcV2ViQVBJU2VhcmNoWExvZzROZXRcV2ViQXBpU2VhcmNoXGFwaVxTZWFyY2g=?=
  Cache-Control: no-cache
  Date: Mon, 21 Aug 2017 07:14:49 GMT
  Server: Microsoft-IIS/8.0
  X-AspNet-Version: 4.0.30319
  X-Powered-By: ASP.NET
  Content-Length: 3687
  Content-Type: application/json; charset=utf-8
  Expires: -1
}
2017-08-21 09:14:49,906 [1] DEBUG ServiceClient.WebAPIUserClient - The letter is: UserService.Test
2017-08-21 09:14:59,288 [1] DEBUG ServiceClient.WebAPIServiceFactory - WebAPIUserClient is active!
2017-08-21 09:14:59,301 [1] DEBUG ServiceClient.WebAPIUserClient - User count: StatusCode: 200, ReasonPhrase: 'OK', Version: 1.1, Content: System.Net.Http.StreamContent, Headers:
{
  Pragma: no-cache
  X-SourceFiles: =?UTF-8?B?RDpccGVyYVxXRUIgQVBJXFRlc3QgUHJvamVjdCAxSG91clxXZWJBcGlTZWFyY2hVc2VyRm9sZGVyXFRlc3RcV2ViQVBJU2VhcmNoWExvZzROZXRcV2ViQXBpU2VhcmNoXGFwaVxTZWFyY2g=?=
  Cache-Control: no-cache
  Date: Mon, 21 Aug 2017 07:14:58 GMT
  Server: Microsoft-IIS/8.0
  X-AspNet-Version: 4.0.30319
  X-Powered-By: ASP.NET
  Content-Length: 1470
  Content-Type: application/json; charset=utf-8
  Expires: -1
}
2017-08-21 09:14:59,301 [1] DEBUG ServiceClient.WebAPIUserClient - The letter is: UserService.Test
2017-08-21 09:15:03,193 [1] DEBUG ServiceClient.WebAPIServiceFactory - WebAPIUserClient is active!
2017-08-21 09:15:03,205 [1] DEBUG ServiceClient.WebAPIUserClient - User count: StatusCode: 200, ReasonPhrase: 'OK', Version: 1.1, Content: System.Net.Http.StreamContent, Headers:
{
  Pragma: no-cache
  X-SourceFiles: =?UTF-8?B?RDpccGVyYVxXRUIgQVBJXFRlc3QgUHJvamVjdCAxSG91clxXZWJBcGlTZWFyY2hVc2VyRm9sZGVyXFRlc3RcV2ViQVBJU2VhcmNoWExvZzROZXRcV2ViQXBpU2VhcmNoXGFwaVxTZWFyY2g=?=
  Cache-Control: no-cache
  Date: Mon, 21 Aug 2017 07:15:03 GMT
  Server: Microsoft-IIS/8.0
  X-AspNet-Version: 4.0.30319
  X-Powered-By: ASP.NET
  Content-Length: 112
  Content-Type: application/json; charset=utf-8
  Expires: -1
}
2017-08-21 09:15:03,205 [1] DEBUG ServiceClient.WebAPIUserClient - The letter is: UserService.Test
2017-08-21 10:30:27,246 [1] DEBUG SearchUser.Program - App starting...
2017-08-21 10:30:28,365 [1] DEBUG ServiceClient.InProcessServiceFactory - SkipWebAPI is false!
2017-08-21 10:30:28,368 [1] DEBUG ServiceClient.WebAPIServiceFactory - WebAPIUserClient is active!
2017-08-21 10:30:37,602 [9] DEBUG SearchUser.Program - App starting...
2017-08-21 10:30:43,854 [9] DEBUG ServiceClient.InProcessServiceFactory - SkipWebAPI is false!
2017-08-21 10:30:47,030 [9] DEBUG ServiceClient.WebAPIServiceFactory - WebAPIUserClient is active!
2017-08-21 10:31:17,645 [9] DEBUG ServiceClient.WebAPIUserClient - User count: StatusCode: 200, ReasonPhrase: 'OK', Version: 1.1, Content: System.Net.Http.StreamContent, Headers:
{
  Pragma: no-cache
  X-SourceFiles: =?UTF-8?B?RDpccGVyYVxXRUIgQVBJXFRlc3QgUHJvamVjdCAxSG91clxXZWJBcGlTZWFyY2hVc2VyRm9sZGVyXFRlc3RcV2ViQVBJU2VhcmNoWExvZzROZXQgLSBIVE1MXFdlYkFwaVNlYXJjaFxhcGlcU2VhcmNo?=
  Cache-Control: no-cache
  Date: Mon, 21 Aug 2017 08:31:16 GMT
  Server: Microsoft-IIS/8.0
  X-AspNet-Version: 4.0.30319
  X-Powered-By: ASP.NET
  Content-Length: 3687
  Content-Type: application/json; charset=utf-8
  Expires: -1
}
2017-08-21 10:31:20,404 [9] DEBUG ServiceClient.WebAPIUserClient - The letter is: UserService.Test
2017-08-21 10:31:44,126 [1] DEBUG SearchUser.Program - App starting...
2017-08-21 10:31:45,425 [1] DEBUG ServiceClient.InProcessServiceFactory - SkipWebAPI is false!
2017-08-21 10:31:45,428 [1] DEBUG ServiceClient.WebAPIServiceFactory - WebAPIUserClient is active!
2017-08-21 10:31:45,682 [1] DEBUG ServiceClient.WebAPIUserClient - User count: StatusCode: 200, ReasonPhrase: 'OK', Version: 1.1, Content: System.Net.Http.StreamContent, Headers:
{
  Pragma: no-cache
  X-SourceFiles: =?UTF-8?B?RDpccGVyYVxXRUIgQVBJXFRlc3QgUHJvamVjdCAxSG91clxXZWJBcGlTZWFyY2hVc2VyRm9sZGVyXFRlc3RcV2ViQVBJU2VhcmNoWExvZzROZXQgLSBIVE1MXFdlYkFwaVNlYXJjaFxhcGlcU2VhcmNo?=
  Cache-Control: no-cache
  Date: Mon, 21 Aug 2017 08:31:45 GMT
  Server: Microsoft-IIS/8.0
  X-AspNet-Version: 4.0.30319
  X-Powered-By: ASP.NET
  Content-Length: 3687
  Content-Type: application/json; charset=utf-8
  Expires: -1
}
2017-08-21 10:31:45,779 [1] DEBUG ServiceClient.WebAPIUserClient - The letter is: UserService.Test
2017-08-21 14:03:19,962 [1] DEBUG SearchUser.Program - App starting...
2017-08-21 14:03:21,376 [1] DEBUG ServiceClient.InProcessServiceFactory - SkipWebAPI is false!
2017-08-21 14:03:21,379 [1] DEBUG ServiceClient.WebAPIServiceFactory - WebAPIUserClient is active!
2017-08-21 14:03:21,706 [1] DEBUG ServiceClient.WebAPIUserClient - User count: StatusCode: 200, ReasonPhrase: 'OK', Version: 1.1, Content: System.Net.Http.StreamContent, Headers:
{
  Pragma: no-cache
  X-SourceFiles: =?UTF-8?B?RDpccGVyYVxXRUIgQVBJXFRlc3QgUHJvamVjdCAxSG91clxXZWJBcGlTZWFyY2hVc2VyRm9sZGVyXFRlc3RcV2ViQVBJU2VhcmNoWExvZzROZXQgLSBIVE1MXFdlYkFwaVNlYXJjaFxhcGlcU2VhcmNo?=
  Cache-Control: no-cache
  Date: Mon, 21 Aug 2017 12:03:21 GMT
  Server: Microsoft-IIS/8.0
  X-AspNet-Version: 4.0.30319
  X-Powered-By: ASP.NET
  Content-Length: 3687
  Content-Type: application/json; charset=utf-8
  Expires: -1
}
2017-08-21 14:03:21,806 [1] DEBUG ServiceClient.WebAPIUserClient - The letter is: UserService.Test
2017-08-22 09:58:55,570 [1] DEBUG SearchUser.Program - App starting...
2017-08-22 09:59:09,960 [1] DEBUG ServiceClient.InProcessServiceFactory - SkipWebAPI is false!
2017-08-22 09:59:09,963 [1] DEBUG ServiceClient.WebAPIServiceFactory - WebAPIUserClient is active!
2017-08-22 09:59:16,040 [1] DEBUG ServiceClient.WebAPIServiceFactory - WebAPIUserClient is active!
2017-08-22 10:04:16,918 [9] DEBUG SearchUser.Program - App starting...
2017-08-22 10:04:22,882 [9] DEBUG ServiceClient.InProcessServiceFactory - SkipWebAPI is false!
2017-08-22 10:04:26,749 [9] DEBUG ServiceClient.WebAPIServiceFactory - WebAPIUserClient is active!
2017-08-22 10:04:51,186 [9] DEBUG ServiceClient.WebAPIUserClient - User count: StatusCode: 200, ReasonPhrase: 'OK', Version: 1.1, Content: System.Net.Http.StreamContent, Headers:
{
  Pragma: no-cache
  X-SourceFiles: =?UTF-8?B?RDpccGVyYVxXRUIgQVBJXFRlc3QgUHJvamVjdCAxSG91clxXZWJBcGlTZWFyY2hVc2VyRm9sZGVyXFRlc3RcV2ViQVBJU2VhcmNoWExvZzROZXQgLSBIVE1MXFdlYkFwaVNlYXJjaFxhcGlcU2VhcmNo?=
  Cache-Control: no-cache
  Date: Tue, 22 Aug 2017 08:04:50 GMT
  Server: Microsoft-IIS/8.0
  X-AspNet-Version: 4.0.30319
  X-Powered-By: ASP.NET
  Content-Length: 3687
  Content-Type: application/json; charset=utf-8
  Expires: -1
}
2017-08-22 10:04:53,322 [9] DEBUG ServiceClient.WebAPIUserClient - The letter is: UserService.Test
2017-08-22 10:05:10,254 [1] DEBUG SearchUser.Program - App starting...
2017-08-22 10:05:11,591 [1] DEBUG ServiceClient.InProcessServiceFactory - SkipWebAPI is false!
2017-08-22 10:05:11,594 [1] DEBUG ServiceClient.WebAPIServiceFactory - WebAPIUserClient is active!
2017-08-22 10:05:11,858 [1] DEBUG ServiceClient.WebAPIUserClient - User count: StatusCode: 200, ReasonPhrase: 'OK', Version: 1.1, Content: System.Net.Http.StreamContent, Headers:
{
  Pragma: no-cache
  X-SourceFiles: =?UTF-8?B?RDpccGVyYVxXRUIgQVBJXFRlc3QgUHJvamVjdCAxSG91clxXZWJBcGlTZWFyY2hVc2VyRm9sZGVyXFRlc3RcV2ViQVBJU2VhcmNoWExvZzROZXQgLSBIVE1MXFdlYkFwaVNlYXJjaFxhcGlcU2VhcmNo?=
  Cache-Control: no-cache
  Date: Tue, 22 Aug 2017 08:05:11 GMT
  Server: Microsoft-IIS/8.0
  X-AspNet-Version: 4.0.30319
  X-Powered-By: ASP.NET
  Content-Length: 3687
  Content-Type: application/json; charset=utf-8
  Expires: -1
}
2017-08-22 10:05:11,955 [1] DEBUG ServiceClient.WebAPIUserClient - The letter is: UserService.Test
2017-08-28 14:53:24,217 [10] DEBUG SearchUser.Program - App starting...
2017-08-28 14:54:05,898 [9] DEBUG SearchUser.Program - App starting...
2017-08-28 14:54:07,967 [9] DEBUG ServiceClient.InProcessServiceFactory - SkipWebAPI is false!
2017-08-28 14:54:07,970 [9] DEBUG ServiceClient.WebAPIServiceFactory - WebAPIUserClient is active!
2017-08-28 14:54:11,566 [9] DEBUG ServiceClient.WebAPIUserClient - User count: StatusCode: 200, ReasonPhrase: 'OK', Version: 1.1, Content: System.Net.Http.StreamContent, Headers:
{
  Pragma: no-cache
  X-SourceFiles: =?UTF-8?B?RDpccGVyYVxXRUIgQVBJXFRlc3QgUHJvamVjdCAxSG91clxXZWJBcGlTZWFyY2hVc2VyRm9sZGVyXFRlc3RcV2ViQVBJU2VhcmNoWExvZzROZXQgLSBIVE1MXFdlYkFwaVNlYXJjaFxhcGlcU2VhcmNo?=
  Cache-Control: no-cache
  Date: Mon, 28 Aug 2017 12:54:11 GMT
  Server: Microsoft-IIS/8.0
  X-AspNet-Version: 4.0.30319
  X-Powered-By: ASP.NET
  Content-Length: 3687
  Content-Type: application/json; charset=utf-8
  Expires: -1
}
2017-08-28 14:54:11,646 [9] DEBUG ServiceClient.WebAPIUserClient - The letter is: UserService.Test
2017-08-28 14:56:33,383 [1] DEBUG SearchUser.Program - App starting...
2017-08-28 14:56:35,544 [1] DEBUG ServiceClient.InProcessServiceFactory - SkipWebAPI is false!
2017-08-28 14:56:35,547 [1] DEBUG ServiceClient.WebAPIServiceFactory - WebAPIUserClient is active!
2017-08-28 14:56:35,811 [1] DEBUG ServiceClient.WebAPIUserClient - User count: StatusCode: 200, ReasonPhrase: 'OK', Version: 1.1, Content: System.Net.Http.StreamContent, Headers:
{
  Pragma: no-cache
  X-SourceFiles: =?UTF-8?B?RDpccGVyYVxXRUIgQVBJXFRlc3QgUHJvamVjdCAxSG91clxXZWJBcGlTZWFyY2hVc2VyRm9sZGVyXFRlc3RcV2ViQVBJU2VhcmNoWExvZzROZXQgLSBIVE1MXFdlYkFwaVNlYXJjaFxhcGlcU2VhcmNo?=
  Cache-Control: no-cache
  Date: Mon, 28 Aug 2017 12:56:35 GMT
  Server: Microsoft-IIS/8.0
  X-AspNet-Version: 4.0.30319
  X-Powered-By: ASP.NET
  Content-Length: 3687
  Content-Type: application/json; charset=utf-8
  Expires: -1
}
2017-08-28 14:56:35,928 [1] DEBUG ServiceClient.WebAPIUserClient - The letter is: UserService.Test
2017-08-28 15:55:03,575 [1] DEBUG SearchUser.Program - App starting...
2017-08-28 15:55:05,087 [1] DEBUG ServiceClient.InProcessServiceFactory - SkipWebAPI is false!
2017-08-28 15:55:05,090 [1] DEBUG ServiceClient.WebAPIServiceFactory - WebAPIUserClient is active!
2017-08-28 15:55:05,358 [1] DEBUG ServiceClient.WebAPIUserClient - User count: StatusCode: 200, ReasonPhrase: 'OK', Version: 1.1, Content: System.Net.Http.StreamContent, Headers:
{
  Pragma: no-cache
  X-SourceFiles: =?UTF-8?B?RDpccGVyYVxXRUIgQVBJXFRlc3QgUHJvamVjdCAxSG91clxXZWJBcGlTZWFyY2hVc2VyRm9sZGVyXFRlc3RcV2ViQVBJU2VhcmNoWExvZzROZXQgLSBIVE1MXFdlYkFwaVNlYXJjaFxhcGlcU2VhcmNo?=
  Cache-Control: no-cache
  Date: Mon, 28 Aug 2017 13:55:04 GMT
  Server: Microsoft-IIS/8.0
  X-AspNet-Version: 4.0.30319
  X-Powered-By: ASP.NET
  Content-Length: 3687
  Content-Type: application/json; charset=utf-8
  Expires: -1
}
2017-08-28 15:55:05,456 [1] DEBUG ServiceClient.WebAPIUserClient - The letter is: UserService.Test
2017-08-28 16:39:27,664 [1] DEBUG SearchUser.Program - App starting...
2017-08-28 16:39:52,729 [1] DEBUG SearchUser.Program - App starting...
2017-08-28 16:48:47,355 [1] DEBUG SearchUser.Program - App starting...
